<?xml version="1.0" encoding="UTF-8"?>
<!-- Generated by org.testng.reporters.JUnitReportReporter -->
<testsuite skipped="0" hostname="LAPTOP-AAIMVHP7" name="LifeInsQuote.testRunner.testNgTestRunner$TestRunner" tests="1" failures="0" timestamp="16 May 2018 04:09:11 GMT" time="28.701" errors="0">
  <testcase name="feature" time="28.701" classname="LifeInsQuote.testRunner.testNgTestRunner$TestRunner"/>
</testsuite> <!-- LifeInsQuote.testRunner.testNgTestRunner$TestRunner -->
