<?xml version="1.0" encoding="UTF-8"?>
<!-- Generated by org.testng.reporters.JUnitReportReporter -->
<testsuite skipped="0" hostname="LAPTOP-AAIMVHP7" name="LifeInsQuote.testRunner.testNgTestRunner$TestRunner" tests="1" failures="0" timestamp="16 May 2018 03:06:55 GMT" time="27.792" errors="0">
  <testcase name="feature" time="27.792" classname="LifeInsQuote.testRunner.testNgTestRunner$TestRunner"/>
</testsuite> <!-- LifeInsQuote.testRunner.testNgTestRunner$TestRunner -->
